  AmbientLight.cpp
  Bitmap.cpp
  Camera.cpp
  Demo.cpp
  DirectionalLight.cpp
  Framework.cpp
  Matrix.cpp
  MD2Loader.cpp
  Model.cpp
  PointLight.cpp
  Polygon3D.cpp
  Rasteriser.cpp
  SpotLight.cpp
  Texture.cpp
  UVPair.cpp
  Vertex.cpp
  Generating code
  Previous IPDB not found, fall back to full compilation.
  All 940 functions were compiled because no usable IPDB/IOBJ from previous compilation was found.
  Finished generating code
  BaseFramework.vcxproj -> E:\Year 2\Graphics 1\100466642\Source\x64\Release\BaseFramework.exe
